{"total": {"lines":{"total":3941,"covered":1632,"skipped":0,"pct":41.41},"statements":{"total":4710,"covered":1931,"skipped":0,"pct":40.99},"functions":{"total":1330,"covered":486,"skipped":0,"pct":36.54},"branches":{"total":3627,"covered":1184,"skipped":0,"pct":32.64},"branchesTrue":{"total":0,"covered":0,"skipped":0,"pct":100}}
,"/home/runner/work/WalkieDoggy/WalkieDoggy/src/components/AddUnplannedWalkModal.tsx": {"lines":{"total":52,"covered":0,"skipped":0,"pct":0},"functions":{"total":20,"covered":0,"skipped":0,"pct":0},"statements":{"total":58,"covered":0,"skipped":0,"pct":0},"branches":{"total":53,"covered":0,"skipped":0,"pct":0}}
,"/home/runner/work/WalkieDoggy/WalkieDoggy/src/components/AdminActivityModal.tsx": {"lines":{"total":23,"covered":0,"skipped":0,"pct":0},"functions":{"total":7,"covered":0,"skipped":0,"pct":0},"statements":{"total":29,"covered":0,"skipped":0,"pct":0},"branches":{"total":22,"covered":0,"skipped":0,"pct":0}}
,"/home/runner/work/WalkieDoggy/WalkieDoggy/src/components/AdminAuditLogModal.tsx": {"lines":{"total":29,"covered":0,"skipped":0,"pct":0},"functions":{"total":10,"covered":0,"skipped":0,"pct":0},"statements":{"total":30,"covered":0,"skipped":0,"pct":0},"branches":{"total":18,"covered":0,"skipped":0,"pct":0}}
,"/home/runner/work/WalkieDoggy/WalkieDoggy/src/components/Avatar.tsx": {"lines":{"total":5,"covered":1,"skipped":0,"pct":20},"functions":{"total":2,"covered":0,"skipped":0,"pct":0},"statements":{"total":5,"covered":1,"skipped":0,"pct":20},"branches":{"total":5,"covered":0,"skipped":0,"pct":0}}
,"/home/runner/work/WalkieDoggy/WalkieDoggy/src/components/Button.tsx": {"lines":{"total":5,"covered":1,"skipped":0,"pct":20},"functions":{"total":2,"covered":0,"skipped":0,"pct":0},"statements":{"total":5,"covered":1,"skipped":0,"pct":20},"branches":{"total":41,"covered":0,"skipped":0,"pct":0}}
,"/home/runner/work/WalkieDoggy/WalkieDoggy/src/components/CompleteWalkModal.tsx": {"lines":{"total":18,"covered":0,"skipped":0,"pct":0},"functions":{"total":10,"covered":0,"skipped":0,"pct":0},"statements":{"total":20,"covered":0,"skipped":0,"pct":0},"branches":{"total":12,"covered":0,"skipped":0,"pct":0}}
,"/home/runner/work/WalkieDoggy/WalkieDoggy/src/components/ConfirmModal.tsx": {"lines":{"total":2,"covered":0,"skipped":0,"pct":0},"functions":{"total":1,"covered":0,"skipped":0,"pct":0},"statements":{"total":2,"covered":0,"skipped":0,"pct":0},"branches":{"total":4,"covered":0,"skipped":0,"pct":0}}
,"/home/runner/work/WalkieDoggy/WalkieDoggy/src/components/ContentContainer.tsx": {"lines":{"total":2,"covered":0,"skipped":0,"pct":0},"functions":{"total":1,"covered":0,"skipped":0,"pct":0},"statements":{"total":2,"covered":0,"skipped":0,"pct":0},"branches":{"total":3,"covered":0,"skipped":0,"pct":0}}
,"/home/runner/work/WalkieDoggy/WalkieDoggy/src/components/Countdown.tsx": {"lines":{"total":17,"covered":0,"skipped":0,"pct":0},"functions":{"total":6,"covered":0,"skipped":0,"pct":0},"statements":{"total":20,"covered":0,"skipped":0,"pct":0},"branches":{"total":2,"covered":0,"skipped":0,"pct":0}}
,"/home/runner/work/WalkieDoggy/WalkieDoggy/src/components/DeleteUserModal.tsx": {"lines":{"total":10,"covered":0,"skipped":0,"pct":0},"functions":{"total":5,"covered":0,"skipped":0,"pct":0},"statements":{"total":12,"covered":0,"skipped":0,"pct":0},"branches":{"total":23,"covered":0,"skipped":0,"pct":0}}
,"/home/runner/work/WalkieDoggy/WalkieDoggy/src/components/DogDetailsModal.tsx": {"lines":{"total":16,"covered":0,"skipped":0,"pct":0},"functions":{"total":7,"covered":0,"skipped":0,"pct":0},"statements":{"total":17,"covered":0,"skipped":0,"pct":0},"branches":{"total":24,"covered":0,"skipped":0,"pct":0}}
,"/home/runner/work/WalkieDoggy/WalkieDoggy/src/components/DogPhoto.tsx": {"lines":{"total":5,"covered":0,"skipped":0,"pct":0},"functions":{"total":2,"covered":0,"skipped":0,"pct":0},"statements":{"total":5,"covered":0,"skipped":0,"pct":0},"branches":{"total":5,"covered":0,"skipped":0,"pct":0}}
,"/home/runner/work/WalkieDoggy/WalkieDoggy/src/components/EditDoneDetailsModal.tsx": {"lines":{"total":22,"covered":0,"skipped":0,"pct":0},"functions":{"total":12,"covered":0,"skipped":0,"pct":0},"statements":{"total":25,"covered":0,"skipped":0,"pct":0},"branches":{"total":31,"covered":0,"skipped":0,"pct":0}}
,"/home/runner/work/WalkieDoggy/WalkieDoggy/src/components/EditWalkModal.tsx": {"lines":{"total":20,"covered":0,"skipped":0,"pct":0},"functions":{"total":10,"covered":0,"skipped":0,"pct":0},"statements":{"total":22,"covered":0,"skipped":0,"pct":0},"branches":{"total":23,"covered":0,"skipped":0,"pct":0}}
,"/home/runner/work/WalkieDoggy/WalkieDoggy/src/components/EmptyState.tsx": {"lines":{"total":3,"covered":1,"skipped":0,"pct":33.33},"functions":{"total":2,"covered":0,"skipped":0,"pct":0},"statements":{"total":3,"covered":1,"skipped":0,"pct":33.33},"branches":{"total":5,"covered":0,"skipped":0,"pct":0}}
,"/home/runner/work/WalkieDoggy/WalkieDoggy/src/components/FamilySharingModal.tsx": {"lines":{"total":3,"covered":0,"skipped":0,"pct":0},"functions":{"total":2,"covered":0,"skipped":0,"pct":0},"statements":{"total":3,"covered":0,"skipped":0,"pct":0},"branches":{"total":17,"covered":0,"skipped":0,"pct":0}}
,"/home/runner/work/WalkieDoggy/WalkieDoggy/src/components/HomeScreen.tsx": {"lines":{"total":110,"covered":0,"skipped":0,"pct":0},"functions":{"total":59,"covered":0,"skipped":0,"pct":0},"statements":{"total":142,"covered":0,"skipped":0,"pct":0},"branches":{"total":112,"covered":0,"skipped":0,"pct":0}}
,"/home/runner/work/WalkieDoggy/WalkieDoggy/src/components/ImpersonationBanner.tsx": {"lines":{"total":15,"covered":0,"skipped":0,"pct":0},"functions":{"total":6,"covered":0,"skipped":0,"pct":0},"statements":{"total":20,"covered":0,"skipped":0,"pct":0},"branches":{"total":8,"covered":0,"skipped":0,"pct":0}}
,"/home/runner/work/WalkieDoggy/WalkieDoggy/src/components/InviteShareModal.tsx": {"lines":{"total":31,"covered":0,"skipped":0,"pct":0},"functions":{"total":7,"covered":0,"skipped":0,"pct":0},"statements":{"total":33,"covered":0,"skipped":0,"pct":0},"branches":{"total":10,"covered":0,"skipped":0,"pct":0}}
,"/home/runner/work/WalkieDoggy/WalkieDoggy/src/components/MascotFrameAnimation.tsx": {"lines":{"total":22,"covered":0,"skipped":0,"pct":0},"functions":{"total":9,"covered":0,"skipped":0,"pct":0},"statements":{"total":28,"covered":0,"skipped":0,"pct":0},"branches":{"total":14,"covered":0,"skipped":0,"pct":0}}
,"/home/runner/work/WalkieDoggy/WalkieDoggy/src/components/MemberDetailsModal.tsx": {"lines":{"total":87,"covered":0,"skipped":0,"pct":0},"functions":{"total":19,"covered":0,"skipped":0,"pct":0},"statements":{"total":94,"covered":0,"skipped":0,"pct":0},"branches":{"total":88,"covered":0,"skipped":0,"pct":0}}
,"/home/runner/work/WalkieDoggy/WalkieDoggy/src/components/NextWalkCard.tsx": {"lines":{"total":12,"covered":0,"skipped":0,"pct":0},"functions":{"total":2,"covered":0,"skipped":0,"pct":0},"statements":{"total":12,"covered":0,"skipped":0,"pct":0},"branches":{"total":66,"covered":0,"skipped":0,"pct":0}}
,"/home/runner/work/WalkieDoggy/WalkieDoggy/src/components/PinEntryModal.tsx": {"lines":{"total":25,"covered":1,"skipped":0,"pct":4},"functions":{"total":5,"covered":0,"skipped":0,"pct":0},"statements":{"total":25,"covered":1,"skipped":0,"pct":4},"branches":{"total":8,"covered":0,"skipped":0,"pct":0}}
,"/home/runner/work/WalkieDoggy/WalkieDoggy/src/components/PinSetupModal.tsx": {"lines":{"total":34,"covered":0,"skipped":0,"pct":0},"functions":{"total":6,"covered":0,"skipped":0,"pct":0},"statements":{"total":34,"covered":0,"skipped":0,"pct":0},"branches":{"total":14,"covered":0,"skipped":0,"pct":0}}
,"/home/runner/work/WalkieDoggy/WalkieDoggy/src/components/ReminderMascotPrompt.tsx": {"lines":{"total":7,"covered":0,"skipped":0,"pct":0},"functions":{"total":3,"covered":0,"skipped":0,"pct":0},"statements":{"total":9,"covered":0,"skipped":0,"pct":0},"branches":{"total":2,"covered":0,"skipped":0,"pct":0}}
,"/home/runner/work/WalkieDoggy/WalkieDoggy/src/components/RemindersModal.tsx": {"lines":{"total":26,"covered":0,"skipped":0,"pct":0},"functions":{"total":7,"covered":0,"skipped":0,"pct":0},"statements":{"total":26,"covered":0,"skipped":0,"pct":0},"branches":{"total":26,"covered":0,"skipped":0,"pct":0}}
,"/home/runner/work/WalkieDoggy/WalkieDoggy/src/components/RequestTimeChangeModal.tsx": {"lines":{"total":25,"covered":0,"skipped":0,"pct":0},"functions":{"total":11,"covered":0,"skipped":0,"pct":0},"statements":{"total":28,"covered":0,"skipped":0,"pct":0},"branches":{"total":26,"covered":0,"skipped":0,"pct":0}}
,"/home/runner/work/WalkieDoggy/WalkieDoggy/src/components/RequestsInboxModal.tsx": {"lines":{"total":28,"covered":0,"skipped":0,"pct":0},"functions":{"total":16,"covered":0,"skipped":0,"pct":0},"statements":{"total":31,"covered":0,"skipped":0,"pct":0},"branches":{"total":32,"covered":0,"skipped":0,"pct":0}}
,"/home/runner/work/WalkieDoggy/WalkieDoggy/src/components/RtlText.tsx": {"lines":{"total":2,"covered":1,"skipped":0,"pct":50},"functions":{"total":1,"covered":0,"skipped":0,"pct":0},"statements":{"total":2,"covered":1,"skipped":0,"pct":50},"branches":{"total":0,"covered":0,"skipped":0,"pct":100}}
,"/home/runner/work/WalkieDoggy/WalkieDoggy/src/components/RuleFormModal.tsx": {"lines":{"total":32,"covered":0,"skipped":0,"pct":0},"functions":{"total":16,"covered":0,"skipped":0,"pct":0},"statements":{"total":41,"covered":0,"skipped":0,"pct":0},"branches":{"total":38,"covered":0,"skipped":0,"pct":0}}
,"/home/runner/work/WalkieDoggy/WalkieDoggy/src/components/StatusBadge.tsx": {"lines":{"total":10,"covered":0,"skipped":0,"pct":0},"functions":{"total":1,"covered":0,"skipped":0,"pct":0},"statements":{"total":10,"covered":0,"skipped":0,"pct":0},"branches":{"total":15,"covered":0,"skipped":0,"pct":0}}
,"/home/runner/work/WalkieDoggy/WalkieDoggy/src/components/SwapWalkPickerModal.tsx": {"lines":{"total":15,"covered":0,"skipped":0,"pct":0},"functions":{"total":6,"covered":0,"skipped":0,"pct":0},"statements":{"total":17,"covered":0,"skipped":0,"pct":0},"branches":{"total":16,"covered":0,"skipped":0,"pct":0}}
,"/home/runner/work/WalkieDoggy/WalkieDoggy/src/components/TimePickerField.tsx": {"lines":{"total":12,"covered":8,"skipped":0,"pct":66.66},"functions":{"total":5,"covered":3,"skipped":0,"pct":60},"statements":{"total":15,"covered":9,"skipped":0,"pct":60},"branches":{"total":15,"covered":2,"skipped":0,"pct":13.33}}
,"/home/runner/work/WalkieDoggy/WalkieDoggy/src/components/UserFormModal.tsx": {"lines":{"total":26,"covered":2,"skipped":0,"pct":7.69},"functions":{"total":9,"covered":0,"skipped":0,"pct":0},"statements":{"total":28,"covered":2,"skipped":0,"pct":7.14},"branches":{"total":26,"covered":0,"skipped":0,"pct":0}}
,"/home/runner/work/WalkieDoggy/WalkieDoggy/src/components/UserPickerModal.tsx": {"lines":{"total":5,"covered":0,"skipped":0,"pct":0},"functions":{"total":5,"covered":0,"skipped":0,"pct":0},"statements":{"total":7,"covered":0,"skipped":0,"pct":0},"branches":{"total":2,"covered":0,"skipped":0,"pct":0}}
,"/home/runner/work/WalkieDoggy/WalkieDoggy/src/components/WalkCompletionCelebration.tsx": {"lines":{"total":22,"covered":0,"skipped":0,"pct":0},"functions":{"total":7,"covered":0,"skipped":0,"pct":0},"statements":{"total":29,"covered":0,"skipped":0,"pct":0},"branches":{"total":18,"covered":0,"skipped":0,"pct":0}}
,"/home/runner/work/WalkieDoggy/WalkieDoggy/src/components/WalkRow.tsx": {"lines":{"total":8,"covered":0,"skipped":0,"pct":0},"functions":{"total":1,"covered":0,"skipped":0,"pct":0},"statements":{"total":8,"covered":0,"skipped":0,"pct":0},"branches":{"total":77,"covered":0,"skipped":0,"pct":0}}
,"/home/runner/work/WalkieDoggy/WalkieDoggy/src/components/WalkieMascot.tsx": {"lines":{"total":45,"covered":5,"skipped":0,"pct":11.11},"functions":{"total":10,"covered":0,"skipped":0,"pct":0},"statements":{"total":48,"covered":5,"skipped":0,"pct":10.41},"branches":{"total":20,"covered":0,"skipped":0,"pct":0}}
,"/home/runner/work/WalkieDoggy/WalkieDoggy/src/components/celebrationAssets.ts": {"lines":{"total":8,"covered":5,"skipped":0,"pct":62.5},"functions":{"total":1,"covered":1,"skipped":0,"pct":100},"statements":{"total":8,"covered":5,"skipped":0,"pct":62.5},"branches":{"total":12,"covered":7,"skipped":0,"pct":58.33}}
,"/home/runner/work/WalkieDoggy/WalkieDoggy/src/data/demoData.ts": {"lines":{"total":12,"covered":12,"skipped":0,"pct":100},"functions":{"total":4,"covered":4,"skipped":0,"pct":100},"statements":{"total":13,"covered":13,"skipped":0,"pct":100},"branches":{"total":0,"covered":0,"skipped":0,"pct":100}}
,"/home/runner/work/WalkieDoggy/WalkieDoggy/src/data/index.ts": {"lines":{"total":1,"covered":1,"skipped":0,"pct":100},"functions":{"total":0,"covered":0,"skipped":0,"pct":100},"statements":{"total":1,"covered":1,"skipped":0,"pct":100},"branches":{"total":4,"covered":4,"skipped":0,"pct":100}}
,"/home/runner/work/WalkieDoggy/WalkieDoggy/src/data/localRepository.ts": {"lines":{"total":98,"covered":78,"skipped":0,"pct":79.59},"functions":{"total":45,"covered":34,"skipped":0,"pct":75.55},"statements":{"total":127,"covered":100,"skipped":0,"pct":78.74},"branches":{"total":48,"covered":35,"skipped":0,"pct":72.91}}
,"/home/runner/work/WalkieDoggy/WalkieDoggy/src/data/offlineFirstRepository.ts": {"lines":{"total":101,"covered":57,"skipped":0,"pct":56.43},"functions":{"total":27,"covered":21,"skipped":0,"pct":77.77},"statements":{"total":104,"covered":59,"skipped":0,"pct":56.73},"branches":{"total":54,"covered":32,"skipped":0,"pct":59.25}}
,"/home/runner/work/WalkieDoggy/WalkieDoggy/src/data/repository.ts": {"lines":{"total":0,"covered":0,"skipped":0,"pct":100},"functions":{"total":0,"covered":0,"skipped":0,"pct":100},"statements":{"total":0,"covered":0,"skipped":0,"pct":100},"branches":{"total":0,"covered":0,"skipped":0,"pct":100}}
,"/home/runner/work/WalkieDoggy/WalkieDoggy/src/data/supabaseRepository.ts": {"lines":{"total":71,"covered":26,"skipped":0,"pct":36.61},"functions":{"total":36,"covered":15,"skipped":0,"pct":41.66},"statements":{"total":96,"covered":27,"skipped":0,"pct":28.12},"branches":{"total":146,"covered":51,"skipped":0,"pct":34.93}}
,"/home/runner/work/WalkieDoggy/WalkieDoggy/src/data/syncQueue.ts": {"lines":{"total":127,"covered":117,"skipped":0,"pct":92.12},"functions":{"total":31,"covered":31,"skipped":0,"pct":100},"statements":{"total":141,"covered":131,"skipped":0,"pct":92.9},"branches":{"total":62,"covered":45,"skipped":0,"pct":72.58}}
,"/home/runner/work/WalkieDoggy/WalkieDoggy/src/lib/clipboard.ts": {"lines":{"total":5,"covered":5,"skipped":0,"pct":100},"functions":{"total":1,"covered":1,"skipped":0,"pct":100},"statements":{"total":6,"covered":6,"skipped":0,"pct":100},"branches":{"total":2,"covered":2,"skipped":0,"pct":100}}
,"/home/runner/work/WalkieDoggy/WalkieDoggy/src/lib/errorMessages.ts": {"lines":{"total":9,"covered":9,"skipped":0,"pct":100},"functions":{"total":2,"covered":2,"skipped":0,"pct":100},"statements":{"total":11,"covered":11,"skipped":0,"pct":100},"branches":{"total":14,"covered":13,"skipped":0,"pct":92.85}}
,"/home/runner/work/WalkieDoggy/WalkieDoggy/src/lib/expoRuntime.ts": {"lines":{"total":7,"covered":7,"skipped":0,"pct":100},"functions":{"total":1,"covered":1,"skipped":0,"pct":100},"statements":{"total":7,"covered":7,"skipped":0,"pct":100},"branches":{"total":11,"covered":11,"skipped":0,"pct":100}}
,"/home/runner/work/WalkieDoggy/WalkieDoggy/src/lib/family.ts": {"lines":{"total":5,"covered":5,"skipped":0,"pct":100},"functions":{"total":2,"covered":2,"skipped":0,"pct":100},"statements":{"total":7,"covered":7,"skipped":0,"pct":100},"branches":{"total":4,"covered":4,"skipped":0,"pct":100}}
,"/home/runner/work/WalkieDoggy/WalkieDoggy/src/lib/id.ts": {"lines":{"total":4,"covered":4,"skipped":0,"pct":100},"functions":{"total":2,"covered":2,"skipped":0,"pct":100},"statements":{"total":4,"covered":4,"skipped":0,"pct":100},"branches":{"total":3,"covered":2,"skipped":0,"pct":66.66}}
,"/home/runner/work/WalkieDoggy/WalkieDoggy/src/lib/invites.ts": {"lines":{"total":36,"covered":36,"skipped":0,"pct":100},"functions":{"total":9,"covered":9,"skipped":0,"pct":100},"statements":{"total":48,"covered":44,"skipped":0,"pct":91.66},"branches":{"total":46,"covered":39,"skipped":0,"pct":84.78}}
,"/home/runner/work/WalkieDoggy/WalkieDoggy/src/lib/permissionedWalks.ts": {"lines":{"total":15,"covered":15,"skipped":0,"pct":100},"functions":{"total":4,"covered":4,"skipped":0,"pct":100},"statements":{"total":19,"covered":19,"skipped":0,"pct":100},"branches":{"total":16,"covered":13,"skipped":0,"pct":81.25}}
,"/home/runner/work/WalkieDoggy/WalkieDoggy/src/lib/permissions.ts": {"lines":{"total":12,"covered":12,"skipped":0,"pct":100},"functions":{"total":5,"covered":5,"skipped":0,"pct":100},"statements":{"total":17,"covered":17,"skipped":0,"pct":100},"branches":{"total":10,"covered":9,"skipped":0,"pct":90}}
,"/home/runner/work/WalkieDoggy/WalkieDoggy/src/lib/pushTokens.ts": {"lines":{"total":51,"covered":10,"skipped":0,"pct":19.6},"functions":{"total":4,"covered":3,"skipped":0,"pct":75},"statements":{"total":56,"covered":10,"skipped":0,"pct":17.85},"branches":{"total":42,"covered":7,"skipped":0,"pct":16.66}}
,"/home/runner/work/WalkieDoggy/WalkieDoggy/src/lib/realtime.ts": {"lines":{"total":15,"covered":0,"skipped":0,"pct":0},"functions":{"total":5,"covered":0,"skipped":0,"pct":0},"statements":{"total":21,"covered":0,"skipped":0,"pct":0},"branches":{"total":10,"covered":0,"skipped":0,"pct":0}}
,"/home/runner/work/WalkieDoggy/WalkieDoggy/src/lib/remoteReminderChannel.ts": {"lines":{"total":21,"covered":19,"skipped":0,"pct":90.47},"functions":{"total":2,"covered":2,"skipped":0,"pct":100},"statements":{"total":24,"covered":22,"skipped":0,"pct":91.66},"branches":{"total":21,"covered":21,"skipped":0,"pct":100}}
,"/home/runner/work/WalkieDoggy/WalkieDoggy/src/lib/requests.ts": {"lines":{"total":44,"covered":41,"skipped":0,"pct":93.18},"functions":{"total":13,"covered":12,"skipped":0,"pct":92.3},"statements":{"total":58,"covered":44,"skipped":0,"pct":75.86},"branches":{"total":38,"covered":21,"skipped":0,"pct":55.26}}
,"/home/runner/work/WalkieDoggy/WalkieDoggy/src/lib/supabase.ts": {"lines":{"total":87,"covered":64,"skipped":0,"pct":73.56},"functions":{"total":18,"covered":13,"skipped":0,"pct":72.22},"statements":{"total":128,"covered":81,"skipped":0,"pct":63.28},"branches":{"total":126,"covered":80,"skipped":0,"pct":63.49}}
,"/home/runner/work/WalkieDoggy/WalkieDoggy/src/lib/systemAdmin.ts": {"lines":{"total":16,"covered":16,"skipped":0,"pct":100},"functions":{"total":5,"covered":5,"skipped":0,"pct":100},"statements":{"total":21,"covered":20,"skipped":0,"pct":95.23},"branches":{"total":28,"covered":22,"skipped":0,"pct":78.57}}
,"/home/runner/work/WalkieDoggy/WalkieDoggy/src/lib/testModeGuard.ts": {"lines":{"total":5,"covered":5,"skipped":0,"pct":100},"functions":{"total":1,"covered":1,"skipped":0,"pct":100},"statements":{"total":5,"covered":5,"skipped":0,"pct":100},"branches":{"total":2,"covered":2,"skipped":0,"pct":100}}
,"/home/runner/work/WalkieDoggy/WalkieDoggy/src/lib/uploadImage.ts": {"lines":{"total":25,"covered":7,"skipped":0,"pct":28},"functions":{"total":2,"covered":1,"skipped":0,"pct":50},"statements":{"total":28,"covered":8,"skipped":0,"pct":28.57},"branches":{"total":27,"covered":7,"skipped":0,"pct":25.92}}
,"/home/runner/work/WalkieDoggy/WalkieDoggy/src/lib/verifiedAdminOnboarding.ts": {"lines":{"total":37,"covered":24,"skipped":0,"pct":64.86},"functions":{"total":11,"covered":6,"skipped":0,"pct":54.54},"statements":{"total":44,"covered":24,"skipped":0,"pct":54.54},"branches":{"total":41,"covered":18,"skipped":0,"pct":43.9}}
,"/home/runner/work/WalkieDoggy/WalkieDoggy/src/lib/walkAdmin.ts": {"lines":{"total":8,"covered":5,"skipped":0,"pct":62.5},"functions":{"total":3,"covered":2,"skipped":0,"pct":66.66},"statements":{"total":11,"covered":7,"skipped":0,"pct":63.63},"branches":{"total":6,"covered":4,"skipped":0,"pct":66.66}}
,"/home/runner/work/WalkieDoggy/WalkieDoggy/src/lib/webPush.ts": {"lines":{"total":59,"covered":0,"skipped":0,"pct":0},"functions":{"total":5,"covered":0,"skipped":0,"pct":0},"statements":{"total":60,"covered":0,"skipped":0,"pct":0},"branches":{"total":45,"covered":0,"skipped":0,"pct":0}}
,"/home/runner/work/WalkieDoggy/WalkieDoggy/src/logic/dateFormat.ts": {"lines":{"total":7,"covered":7,"skipped":0,"pct":100},"functions":{"total":2,"covered":2,"skipped":0,"pct":100},"statements":{"total":8,"covered":8,"skipped":0,"pct":100},"branches":{"total":4,"covered":2,"skipped":0,"pct":50}}
,"/home/runner/work/WalkieDoggy/WalkieDoggy/src/logic/familyInvites.ts": {"lines":{"total":32,"covered":31,"skipped":0,"pct":96.87},"functions":{"total":10,"covered":10,"skipped":0,"pct":100},"statements":{"total":39,"covered":38,"skipped":0,"pct":97.43},"branches":{"total":27,"covered":26,"skipped":0,"pct":96.29}}
,"/home/runner/work/WalkieDoggy/WalkieDoggy/src/logic/familyManagement.ts": {"lines":{"total":36,"covered":27,"skipped":0,"pct":75},"functions":{"total":13,"covered":7,"skipped":0,"pct":53.84},"statements":{"total":47,"covered":34,"skipped":0,"pct":72.34},"branches":{"total":42,"covered":24,"skipped":0,"pct":57.14}}
,"/home/runner/work/WalkieDoggy/WalkieDoggy/src/logic/history.ts": {"lines":{"total":1,"covered":1,"skipped":0,"pct":100},"functions":{"total":1,"covered":1,"skipped":0,"pct":100},"statements":{"total":1,"covered":1,"skipped":0,"pct":100},"branches":{"total":3,"covered":2,"skipped":0,"pct":66.66}}
,"/home/runner/work/WalkieDoggy/WalkieDoggy/src/logic/nextWalk.ts": {"lines":{"total":34,"covered":34,"skipped":0,"pct":100},"functions":{"total":19,"covered":19,"skipped":0,"pct":100},"statements":{"total":43,"covered":42,"skipped":0,"pct":97.67},"branches":{"total":35,"covered":29,"skipped":0,"pct":82.85}}
,"/home/runner/work/WalkieDoggy/WalkieDoggy/src/logic/permissions.ts": {"lines":{"total":11,"covered":11,"skipped":0,"pct":100},"functions":{"total":6,"covered":6,"skipped":0,"pct":100},"statements":{"total":15,"covered":15,"skipped":0,"pct":100},"branches":{"total":10,"covered":10,"skipped":0,"pct":100}}
,"/home/runner/work/WalkieDoggy/WalkieDoggy/src/logic/presence.ts": {"lines":{"total":32,"covered":31,"skipped":0,"pct":96.87},"functions":{"total":6,"covered":6,"skipped":0,"pct":100},"statements":{"total":35,"covered":34,"skipped":0,"pct":97.14},"branches":{"total":29,"covered":26,"skipped":0,"pct":89.65}}
,"/home/runner/work/WalkieDoggy/WalkieDoggy/src/logic/pushIdempotency.ts": {"lines":{"total":7,"covered":7,"skipped":0,"pct":100},"functions":{"total":2,"covered":2,"skipped":0,"pct":100},"statements":{"total":10,"covered":10,"skipped":0,"pct":100},"branches":{"total":12,"covered":11,"skipped":0,"pct":91.66}}
,"/home/runner/work/WalkieDoggy/WalkieDoggy/src/logic/pushRouting.ts": {"lines":{"total":21,"covered":21,"skipped":0,"pct":100},"functions":{"total":4,"covered":4,"skipped":0,"pct":100},"statements":{"total":29,"covered":29,"skipped":0,"pct":100},"branches":{"total":26,"covered":25,"skipped":0,"pct":96.15}}
,"/home/runner/work/WalkieDoggy/WalkieDoggy/src/logic/reminderMessages.ts": {"lines":{"total":39,"covered":39,"skipped":0,"pct":100},"functions":{"total":7,"covered":7,"skipped":0,"pct":100},"statements":{"total":44,"covered":44,"skipped":0,"pct":100},"branches":{"total":22,"covered":20,"skipped":0,"pct":90.9}}
,"/home/runner/work/WalkieDoggy/WalkieDoggy/src/logic/reminders.ts": {"lines":{"total":11,"covered":11,"skipped":0,"pct":100},"functions":{"total":4,"covered":4,"skipped":0,"pct":100},"statements":{"total":13,"covered":13,"skipped":0,"pct":100},"branches":{"total":5,"covered":5,"skipped":0,"pct":100}}
,"/home/runner/work/WalkieDoggy/WalkieDoggy/src/logic/requestLifecycle.ts": {"lines":{"total":18,"covered":16,"skipped":0,"pct":88.88},"functions":{"total":7,"covered":5,"skipped":0,"pct":71.42},"statements":{"total":22,"covered":19,"skipped":0,"pct":86.36},"branches":{"total":26,"covered":19,"skipped":0,"pct":73.07}}
,"/home/runner/work/WalkieDoggy/WalkieDoggy/src/logic/rotation.ts": {"lines":{"total":39,"covered":32,"skipped":0,"pct":82.05},"functions":{"total":9,"covered":7,"skipped":0,"pct":77.77},"statements":{"total":47,"covered":38,"skipped":0,"pct":80.85},"branches":{"total":23,"covered":18,"skipped":0,"pct":78.26}}
,"/home/runner/work/WalkieDoggy/WalkieDoggy/src/logic/settingsModalTransitions.ts": {"lines":{"total":3,"covered":3,"skipped":0,"pct":100},"functions":{"total":1,"covered":1,"skipped":0,"pct":100},"statements":{"total":5,"covered":5,"skipped":0,"pct":100},"branches":{"total":6,"covered":6,"skipped":0,"pct":100}}
,"/home/runner/work/WalkieDoggy/WalkieDoggy/src/logic/statistics.ts": {"lines":{"total":24,"covered":24,"skipped":0,"pct":100},"functions":{"total":15,"covered":15,"skipped":0,"pct":100},"statements":{"total":34,"covered":34,"skipped":0,"pct":100},"branches":{"total":17,"covered":13,"skipped":0,"pct":76.47}}
,"/home/runner/work/WalkieDoggy/WalkieDoggy/src/logic/timeInput.ts": {"lines":{"total":4,"covered":4,"skipped":0,"pct":100},"functions":{"total":3,"covered":3,"skipped":0,"pct":100},"statements":{"total":4,"covered":4,"skipped":0,"pct":100},"branches":{"total":2,"covered":1,"skipped":0,"pct":50}}
,"/home/runner/work/WalkieDoggy/WalkieDoggy/src/logic/walkActions.ts": {"lines":{"total":48,"covered":45,"skipped":0,"pct":93.75},"functions":{"total":15,"covered":15,"skipped":0,"pct":100},"statements":{"total":56,"covered":53,"skipped":0,"pct":94.64},"branches":{"total":80,"covered":74,"skipped":0,"pct":92.5}}
,"/home/runner/work/WalkieDoggy/WalkieDoggy/src/logic/walkAttention.ts": {"lines":{"total":4,"covered":4,"skipped":0,"pct":100},"functions":{"total":1,"covered":1,"skipped":0,"pct":100},"statements":{"total":5,"covered":5,"skipped":0,"pct":100},"branches":{"total":3,"covered":2,"skipped":0,"pct":66.66}}
,"/home/runner/work/WalkieDoggy/WalkieDoggy/src/logic/walkCompletionCelebration.ts": {"lines":{"total":17,"covered":17,"skipped":0,"pct":100},"functions":{"total":8,"covered":8,"skipped":0,"pct":100},"statements":{"total":24,"covered":24,"skipped":0,"pct":100},"branches":{"total":25,"covered":21,"skipped":0,"pct":84}}
,"/home/runner/work/WalkieDoggy/WalkieDoggy/src/logic/walkDateContext.ts": {"lines":{"total":13,"covered":13,"skipped":0,"pct":100},"functions":{"total":3,"covered":3,"skipped":0,"pct":100},"statements":{"total":16,"covered":16,"skipped":0,"pct":100},"branches":{"total":8,"covered":6,"skipped":0,"pct":75}}
,"/home/runner/work/WalkieDoggy/WalkieDoggy/src/logic/walkRequestStatusLine.ts": {"lines":{"total":22,"covered":22,"skipped":0,"pct":100},"functions":{"total":9,"covered":9,"skipped":0,"pct":100},"statements":{"total":31,"covered":31,"skipped":0,"pct":100},"branches":{"total":25,"covered":24,"skipped":0,"pct":96}}
,"/home/runner/work/WalkieDoggy/WalkieDoggy/src/mascot/celebrationAnimationManifest.ts": {"lines":{"total":5,"covered":4,"skipped":0,"pct":80},"functions":{"total":4,"covered":2,"skipped":0,"pct":50},"statements":{"total":6,"covered":4,"skipped":0,"pct":66.66},"branches":{"total":6,"covered":6,"skipped":0,"pct":100}}
,"/home/runner/work/WalkieDoggy/WalkieDoggy/src/mascot/mascotAssetManifest.ts": {"lines":{"total":2,"covered":2,"skipped":0,"pct":100},"functions":{"total":0,"covered":0,"skipped":0,"pct":100},"statements":{"total":2,"covered":2,"skipped":0,"pct":100},"branches":{"total":0,"covered":0,"skipped":0,"pct":100}}
,"/home/runner/work/WalkieDoggy/WalkieDoggy/src/mascot/mascotStage.ts": {"lines":{"total":9,"covered":9,"skipped":0,"pct":100},"functions":{"total":2,"covered":2,"skipped":0,"pct":100},"statements":{"total":13,"covered":13,"skipped":0,"pct":100},"branches":{"total":12,"covered":10,"skipped":0,"pct":83.33}}
,"/home/runner/work/WalkieDoggy/WalkieDoggy/src/mascot/messageEngine.ts": {"lines":{"total":33,"covered":32,"skipped":0,"pct":96.96},"functions":{"total":9,"covered":9,"skipped":0,"pct":100},"statements":{"total":38,"covered":37,"skipped":0,"pct":97.36},"branches":{"total":43,"covered":35,"skipped":0,"pct":81.39}}
,"/home/runner/work/WalkieDoggy/WalkieDoggy/src/mascot/messageLibrary.ts": {"lines":{"total":16,"covered":16,"skipped":0,"pct":100},"functions":{"total":3,"covered":3,"skipped":0,"pct":100},"statements":{"total":17,"covered":17,"skipped":0,"pct":100},"branches":{"total":2,"covered":2,"skipped":0,"pct":100}}
,"/home/runner/work/WalkieDoggy/WalkieDoggy/src/mascot/personalityPresets.ts": {"lines":{"total":2,"covered":2,"skipped":0,"pct":100},"functions":{"total":0,"covered":0,"skipped":0,"pct":100},"statements":{"total":2,"covered":2,"skipped":0,"pct":100},"branches":{"total":0,"covered":0,"skipped":0,"pct":100}}
,"/home/runner/work/WalkieDoggy/WalkieDoggy/src/navigation/RootNavigator.tsx": {"lines":{"total":38,"covered":0,"skipped":0,"pct":0},"functions":{"total":16,"covered":0,"skipped":0,"pct":0},"statements":{"total":48,"covered":0,"skipped":0,"pct":0},"branches":{"total":26,"covered":0,"skipped":0,"pct":0}}
,"/home/runner/work/WalkieDoggy/WalkieDoggy/src/notifications/notificationService.ts": {"lines":{"total":107,"covered":99,"skipped":0,"pct":92.52},"functions":{"total":26,"covered":25,"skipped":0,"pct":96.15},"statements":{"total":125,"covered":111,"skipped":0,"pct":88.8},"branches":{"total":64,"covered":55,"skipped":0,"pct":85.93}}
,"/home/runner/work/WalkieDoggy/WalkieDoggy/src/notifications/reminderEntry.ts": {"lines":{"total":17,"covered":17,"skipped":0,"pct":100},"functions":{"total":6,"covered":6,"skipped":0,"pct":100},"statements":{"total":22,"covered":22,"skipped":0,"pct":100},"branches":{"total":12,"covered":12,"skipped":0,"pct":100}}
,"/home/runner/work/WalkieDoggy/WalkieDoggy/src/screens/FamilyOnboardingScreen.tsx": {"lines":{"total":157,"covered":0,"skipped":0,"pct":0},"functions":{"total":26,"covered":0,"skipped":0,"pct":0},"statements":{"total":167,"covered":0,"skipped":0,"pct":0},"branches":{"total":117,"covered":0,"skipped":0,"pct":0}}
,"/home/runner/work/WalkieDoggy/WalkieDoggy/src/screens/FamilyScreen.tsx": {"lines":{"total":99,"covered":0,"skipped":0,"pct":0},"functions":{"total":43,"covered":0,"skipped":0,"pct":0},"statements":{"total":114,"covered":0,"skipped":0,"pct":0},"branches":{"total":74,"covered":0,"skipped":0,"pct":0}}
,"/home/runner/work/WalkieDoggy/WalkieDoggy/src/screens/HistoryScreen.tsx": {"lines":{"total":136,"covered":0,"skipped":0,"pct":0},"functions":{"total":60,"covered":0,"skipped":0,"pct":0},"statements":{"total":162,"covered":0,"skipped":0,"pct":0},"branches":{"total":165,"covered":0,"skipped":0,"pct":0}}
,"/home/runner/work/WalkieDoggy/WalkieDoggy/src/screens/HomeScreen.tsx": {"lines":{"total":203,"covered":0,"skipped":0,"pct":0},"functions":{"total":99,"covered":0,"skipped":0,"pct":0},"statements":{"total":246,"covered":0,"skipped":0,"pct":0},"branches":{"total":225,"covered":0,"skipped":0,"pct":0}}
,"/home/runner/work/WalkieDoggy/WalkieDoggy/src/screens/LoginScreen.tsx": {"lines":{"total":59,"covered":2,"skipped":0,"pct":3.38},"functions":{"total":24,"covered":1,"skipped":0,"pct":4.16},"statements":{"total":70,"covered":2,"skipped":0,"pct":2.85},"branches":{"total":49,"covered":0,"skipped":0,"pct":0}}
,"/home/runner/work/WalkieDoggy/WalkieDoggy/src/screens/ScheduleScreen.tsx": {"lines":{"total":120,"covered":0,"skipped":0,"pct":0},"functions":{"total":63,"covered":0,"skipped":0,"pct":0},"statements":{"total":150,"covered":0,"skipped":0,"pct":0},"branches":{"total":116,"covered":0,"skipped":0,"pct":0}}
,"/home/runner/work/WalkieDoggy/WalkieDoggy/src/screens/SettingsScreen.tsx": {"lines":{"total":102,"covered":0,"skipped":0,"pct":0},"functions":{"total":38,"covered":0,"skipped":0,"pct":0},"statements":{"total":121,"covered":0,"skipped":0,"pct":0},"branches":{"total":48,"covered":0,"skipped":0,"pct":0}}
,"/home/runner/work/WalkieDoggy/WalkieDoggy/src/screens/StatisticsScreen.tsx": {"lines":{"total":46,"covered":0,"skipped":0,"pct":0},"functions":{"total":17,"covered":0,"skipped":0,"pct":0},"statements":{"total":54,"covered":0,"skipped":0,"pct":0},"branches":{"total":42,"covered":0,"skipped":0,"pct":0}}
,"/home/runner/work/WalkieDoggy/WalkieDoggy/src/screens/SystemAdminScreen.tsx": {"lines":{"total":45,"covered":1,"skipped":0,"pct":2.22},"functions":{"total":13,"covered":0,"skipped":0,"pct":0},"statements":{"total":45,"covered":1,"skipped":0,"pct":2.22},"branches":{"total":52,"covered":0,"skipped":0,"pct":0}}
,"/home/runner/work/WalkieDoggy/WalkieDoggy/src/store/authStore.ts": {"lines":{"total":182,"covered":165,"skipped":0,"pct":90.65},"functions":{"total":35,"covered":25,"skipped":0,"pct":71.42},"statements":{"total":199,"covered":172,"skipped":0,"pct":86.43},"branches":{"total":125,"covered":108,"skipped":0,"pct":86.4}}
,"/home/runner/work/WalkieDoggy/WalkieDoggy/src/store/familyStore.ts": {"lines":{"total":81,"covered":61,"skipped":0,"pct":75.3},"functions":{"total":26,"covered":18,"skipped":0,"pct":69.23},"statements":{"total":99,"covered":71,"skipped":0,"pct":71.71},"branches":{"total":54,"covered":33,"skipped":0,"pct":61.11}}
,"/home/runner/work/WalkieDoggy/WalkieDoggy/src/store/requestsStore.ts": {"lines":{"total":67,"covered":34,"skipped":0,"pct":50.74},"functions":{"total":13,"covered":11,"skipped":0,"pct":84.61},"statements":{"total":78,"covered":41,"skipped":0,"pct":52.56},"branches":{"total":26,"covered":14,"skipped":0,"pct":53.84}}
,"/home/runner/work/WalkieDoggy/WalkieDoggy/src/store/scheduleStore.ts": {"lines":{"total":261,"covered":168,"skipped":0,"pct":64.36},"functions":{"total":109,"covered":66,"skipped":0,"pct":60.55},"statements":{"total":371,"covered":225,"skipped":0,"pct":60.64},"branches":{"total":194,"covered":91,"skipped":0,"pct":46.9}}
,"/home/runner/work/WalkieDoggy/WalkieDoggy/src/store/systemAdminStore.ts": {"lines":{"total":11,"covered":11,"skipped":0,"pct":100},"functions":{"total":3,"covered":3,"skipped":0,"pct":100},"statements":{"total":13,"covered":12,"skipped":0,"pct":92.3},"branches":{"total":4,"covered":3,"skipped":0,"pct":75}}
,"/home/runner/work/WalkieDoggy/WalkieDoggy/src/theme/colors.ts": {"lines":{"total":2,"covered":2,"skipped":0,"pct":100},"functions":{"total":0,"covered":0,"skipped":0,"pct":100},"statements":{"total":2,"covered":2,"skipped":0,"pct":100},"branches":{"total":0,"covered":0,"skipped":0,"pct":100}}
,"/home/runner/work/WalkieDoggy/WalkieDoggy/src/theme/tokens.ts": {"lines":{"total":8,"covered":7,"skipped":0,"pct":87.5},"functions":{"total":1,"covered":0,"skipped":0,"pct":0},"statements":{"total":8,"covered":7,"skipped":0,"pct":87.5},"branches":{"total":2,"covered":0,"skipped":0,"pct":0}}
,"/home/runner/work/WalkieDoggy/WalkieDoggy/src/types/index.ts": {"lines":{"total":0,"covered":0,"skipped":0,"pct":100},"functions":{"total":0,"covered":0,"skipped":0,"pct":100},"statements":{"total":0,"covered":0,"skipped":0,"pct":100},"branches":{"total":0,"covered":0,"skipped":0,"pct":100}}
}
