{"total": {"lines":{"total":81,"covered":40,"skipped":0,"pct":49.38},"statements":{"total":99,"covered":45,"skipped":0,"pct":45.45},"functions":{"total":26,"covered":14,"skipped":0,"pct":53.84},"branches":{"total":54,"covered":24,"skipped":0,"pct":44.44},"branchesTrue":{"total":0,"covered":0,"skipped":0,"pct":"Unknown"}}
,"/home/runner/work/WalkieDoggy/WalkieDoggy/src/store/familyStore.ts": {"lines":{"total":81,"covered":40,"skipped":0,"pct":49.38},"functions":{"total":26,"covered":14,"skipped":0,"pct":53.84},"statements":{"total":99,"covered":45,"skipped":0,"pct":45.45},"branches":{"total":54,"covered":24,"skipped":0,"pct":44.44}}
}
